{"numFailedTestSuites":0,"numFailedTests":0,"numPassedTestSuites":12,"numPassedTests":115,"numPendingTestSuites":0,"numPendingTests":0,"numRuntimeErrorTestSuites":0,"numTodoTests":0,"numTotalTestSuites":12,"numTotalTests":115,"openHandles":[],"snapshot":{"added":0,"didUpdate":false,"failure":false,"filesAdded":0,"filesRemoved":0,"filesRemovedList":[],"filesUnmatched":0,"filesUpdated":0,"matched":0,"total":0,"unchecked":0,"uncheckedKeysByFile":[],"unmatched":0,"updated":0},"startTime":1765616726972,"success":true,"testResults":[{"assertionResults":[{"ancestorTitles":["Storage - CRUD de Cursos","loadItems()"],"duration":11,"failing":false,"failureDetails":[],"failureMessages":[],"fullName":"Storage - CRUD de Cursos loadItems() Deve carregar lista vazia por padrão","invocations":1,"location":null,"numPassingAsserts":2,"retryReasons":[],"startAt":1765616736042,"status":"passed","title":"Deve carregar lista vazia por padrão"},{"ancestorTitles":["Storage - CRUD de Cursos","loadItems()"],"duration":4,"failing":false,"failureDetails":[],"failureMessages":[],"fullName":"Storage - CRUD de Cursos loadItems() Deve carregar cursos existentes","invocations":1,"location":null,"numPassingAsserts":2,"retryReasons":[],"startAt":1765616736057,"status":"passed","title":"Deve carregar cursos existentes"},{"ancestorTitles":["Storage - CRUD de Cursos","loadItems()"],"duration":11,"failing":false,"failureDetails":[],"failureMessages":[],"fullName":"Storage - CRUD de Cursos loadItems() Deve chamar callback com dados corretos","invocations":1,"location":null,"numPassingAsserts":2,"retryReasons":[],"startAt":1765616736072,"status":"passed","title":"Deve chamar callback com dados corretos"},{"ancestorTitles":["Storage - CRUD de Cursos","saveItems()"],"duration":12,"failing":false,"failureDetails":[],"failureMessages":[],"fullName":"Storage - CRUD de Cursos saveItems() Deve salvar lista de cursos","invocations":1,"location":null,"numPassingAsserts":1,"retryReasons":[],"startAt":1765616736087,"status":"passed","title":"Deve salvar lista de cursos"},{"ancestorTitles":["Storage - CRUD de Cursos","saveItems()"],"duration":19,"failing":false,"failureDetails":[],"failureMessages":[],"fullName":"Storage - CRUD de Cursos saveItems() Deve executar callback após salvar","invocations":1,"location":null,"numPassingAsserts":1,"retryReasons":[],"startAt":1765616736104,"status":"passed","title":"Deve executar callback após salvar"},{"ancestorTitles":["Storage - CRUD de Cursos","saveItems()"],"duration":6,"failing":false,"failureDetails":[],"failureMessages":[],"fullName":"Storage - CRUD de Cursos saveItems() Deve funcionar sem callback","invocations":1,"location":null,"numPassingAsserts":1,"retryReasons":[],"startAt":1765616736134,"status":"passed","title":"Deve funcionar sem callback"},{"ancestorTitles":["Storage - CRUD de Cursos","addItem()"],"duration":16,"failing":false,"failureDetails":[],"failureMessages":[],"fullName":"Storage - CRUD de Cursos addItem() Deve adicionar curso com sucesso","invocations":1,"location":null,"numPassingAsserts":3,"retryReasons":[],"startAt":1765616736150,"status":"passed","title":"Deve adicionar curso com sucesso"},{"ancestorTitles":["Storage - CRUD de Cursos","addItem()"],"duration":5,"failing":false,"failureDetails":[],"failureMessages":[],"fullName":"Storage - CRUD de Cursos addItem() Deve gerar ID único usando Date.now()","invocations":1,"location":null,"numPassingAsserts":1,"retryReasons":[],"startAt":1765616736176,"status":"passed","title":"Deve gerar ID único usando Date.now()"},{"ancestorTitles":["Storage - CRUD de Cursos","addItem()"],"duration":12,"failing":false,"failureDetails":[],"failureMessages":[],"fullName":"Storage - CRUD de Cursos addItem() Deve rejeitar duplicata (mesma URL)","invocations":1,"location":null,"numPassingAsserts":4,"retryReasons":[],"startAt":1765616736188,"status":"passed","title":"Deve rejeitar duplicata (mesma URL)"},{"ancestorTitles":["Storage - CRUD de Cursos","addItem()"],"duration":11,"failing":false,"failureDetails":[],"failureMessages":[],"fullName":"Storage - CRUD de Cursos addItem() Deve incluir weeks vazio por padrão","invocations":1,"location":null,"numPassingAsserts":1,"retryReasons":[],"startAt":1765616736203,"status":"passed","title":"Deve incluir weeks vazio por padrão"},{"ancestorTitles":["Storage - CRUD de Cursos","addItem()"],"duration":21,"failing":false,"failureDetails":[],"failureMessages":[],"fullName":"Storage - CRUD de Cursos addItem() Deve passar weeks customizado","invocations":1,"location":null,"numPassingAsserts":1,"retryReasons":[],"startAt":1765616736221,"status":"passed","title":"Deve passar weeks customizado"},{"ancestorTitles":["Storage - CRUD de Cursos","addItemsBatch()"],"duration":30,"failing":false,"failureDetails":[],"failureMessages":[],"fullName":"Storage - CRUD de Cursos addItemsBatch() Deve adicionar múltiplos cursos","invocations":1,"location":null,"numPassingAsserts":3,"retryReasons":[],"startAt":1765616736249,"status":"passed","title":"Deve adicionar múltiplos cursos"},{"ancestorTitles":["Storage - CRUD de Cursos","addItemsBatch()"],"duration":15,"failing":false,"failureDetails":[],"failureMessages":[],"fullName":"Storage - CRUD de Cursos addItemsBatch() Deve gerar IDs únicos para cada curso","invocations":1,"location":null,"numPassingAsserts":1,"retryReasons":[],"startAt":1765616736285,"status":"passed","title":"Deve gerar IDs únicos para cada curso"},{"ancestorTitles":["Storage - CRUD de Cursos","addItemsBatch()"],"duration":13,"failing":false,"failureDetails":[],"failureMessages":[],"fullName":"Storage - CRUD de Cursos addItemsBatch() Deve ignorar duplicatas","invocations":1,"location":null,"numPassingAsserts":2,"retryReasons":[],"startAt":1765616736306,"status":"passed","title":"Deve ignorar duplicatas"},{"ancestorTitles":["Storage - CRUD de Cursos","addItemsBatch()"],"duration":10,"failing":false,"failureDetails":[],"failureMessages":[],"fullName":"Storage - CRUD de Cursos addItemsBatch() Deve retornar contadores corretos","invocations":1,"location":null,"numPassingAsserts":2,"retryReasons":[],"startAt":1765616736322,"status":"passed","title":"Deve retornar contadores corretos"},{"ancestorTitles":["Storage - CRUD de Cursos","addItemsBatch()"],"duration":10,"failing":false,"failureDetails":[],"failureMessages":[],"fullName":"Storage - CRUD de Cursos addItemsBatch() Deve lidar com lista vazia","invocations":1,"location":null,"numPassingAsserts":3,"retryReasons":[],"startAt":1765616736336,"status":"passed","title":"Deve lidar com lista vazia"},{"ancestorTitles":["Storage - CRUD de Cursos","addItemsBatch()"],"duration":8,"failing":false,"failureDetails":[],"failureMessages":[],"fullName":"Storage - CRUD de Cursos addItemsBatch() Deve não salvar se todos são duplicatas","invocations":1,"location":null,"numPassingAsserts":3,"retryReasons":[],"startAt":1765616736352,"status":"passed","title":"Deve não salvar se todos são duplicatas"},{"ancestorTitles":["Storage - CRUD de Cursos","deleteItem()"],"duration":5,"failing":false,"failureDetails":[],"failureMessages":[],"fullName":"Storage - CRUD de Cursos deleteItem() Deve remover curso existente","invocations":1,"location":null,"numPassingAsserts":2,"retryReasons":[],"startAt":1765616736364,"status":"passed","title":"Deve remover curso existente"},{"ancestorTitles":["Storage - CRUD de Cursos","deleteItem()"],"duration":11,"failing":false,"failureDetails":[],"failureMessages":[],"fullName":"Storage - CRUD de Cursos deleteItem() Deve lidar com ID inexistente","invocations":1,"location":null,"numPassingAsserts":1,"retryReasons":[],"startAt":1765616736377,"status":"passed","title":"Deve lidar com ID inexistente"},{"ancestorTitles":["Storage - CRUD de Cursos","deleteItem()"],"duration":6,"failing":false,"failureDetails":[],"failureMessages":[],"fullName":"Storage - CRUD de Cursos deleteItem() Deve executar callback","invocations":1,"location":null,"numPassingAsserts":1,"retryReasons":[],"startAt":1765616736391,"status":"passed","title":"Deve executar callback"},{"ancestorTitles":["Storage - CRUD de Cursos","updateItem()"],"duration":9,"failing":false,"failureDetails":[],"failureMessages":[],"fullName":"Storage - CRUD de Cursos updateItem() Deve atualizar curso existente","invocations":1,"location":null,"numPassingAsserts":2,"retryReasons":[],"startAt":1765616736402,"status":"passed","title":"Deve atualizar curso existente"},{"ancestorTitles":["Storage - CRUD de Cursos","updateItem()"],"duration":8,"failing":false,"failureDetails":[],"failureMessages":[],"fullName":"Storage - CRUD de Cursos updateItem() Deve mesclar updates com dados existentes","invocations":1,"location":null,"numPassingAsserts":3,"retryReasons":[],"startAt":1765616736415,"status":"passed","title":"Deve mesclar updates com dados existentes"},{"ancestorTitles":["Storage - CRUD de Cursos","updateItem()"],"duration":10,"failing":false,"failureDetails":[],"failureMessages":[],"fullName":"Storage - CRUD de Cursos updateItem() Deve lidar com ID inexistente sem falhar","invocations":1,"location":null,"numPassingAsserts":2,"retryReasons":[],"startAt":1765616736427,"status":"passed","title":"Deve lidar com ID inexistente sem falhar"},{"ancestorTitles":["Storage - CRUD de Cursos","updateItem()"],"duration":6,"failing":false,"failureDetails":[],"failureMessages":[],"fullName":"Storage - CRUD de Cursos updateItem() Deve executar callback mesmo com ID inexistente","invocations":1,"location":null,"numPassingAsserts":1,"retryReasons":[],"startAt":1765616736439,"status":"passed","title":"Deve executar callback mesmo com ID inexistente"},{"ancestorTitles":["Storage - CRUD de Cursos","clearItems()"],"duration":8,"failing":false,"failureDetails":[],"failureMessages":[],"fullName":"Storage - CRUD de Cursos clearItems() Deve limpar todos os cursos","invocations":1,"location":null,"numPassingAsserts":1,"retryReasons":[],"startAt":1765616736450,"status":"passed","title":"Deve limpar todos os cursos"},{"ancestorTitles":["Storage - CRUD de Cursos","clearItems()"],"duration":6,"failing":false,"failureDetails":[],"failureMessages":[],"fullName":"Storage - CRUD de Cursos clearItems() Deve chamar saveItems com array vazio","invocations":1,"location":null,"numPassingAsserts":1,"retryReasons":[],"startAt":1765616736464,"status":"passed","title":"Deve chamar saveItems com array vazio"},{"ancestorTitles":["Storage - CRUD de Cursos","clearItems()"],"duration":8,"failing":false,"failureDetails":[],"failureMessages":[],"fullName":"Storage - CRUD de Cursos clearItems() Deve executar callback","invocations":1,"location":null,"numPassingAsserts":1,"retryReasons":[],"startAt":1765616736473,"status":"passed","title":"Deve executar callback"}],"endTime":1765616736490,"message":"","name":"/home/sant/extensaoUNIVESP/tests/storage.test.js","startTime":1765616732792,"status":"passed","summary":""},{"assertionResults":[{"ancestorTitles":["Integration: Scrape Course Flow"],"duration":234,"failing":false,"failureDetails":[],"failureMessages":[],"fullName":"Integration: Scrape Course Flow should scrape current tab and save course","invocations":1,"location":null,"numPassingAsserts":9,"retryReasons":[],"startAt":1765616738431,"status":"passed","title":"should scrape current tab and save course"},{"ancestorTitles":["Integration: Scrape Course Flow"],"duration":193,"failing":false,"failureDetails":[],"failureMessages":[],"fullName":"Integration: Scrape Course Flow should handle scrape failure gracefully","invocations":1,"location":null,"numPassingAsserts":3,"retryReasons":[],"startAt":1765616738670,"status":"passed","title":"should handle scrape failure gracefully"}],"endTime":1765616738869,"message":"","name":"/home/sant/extensaoUNIVESP/tests/integration/scrapeCourse.integration.test.js","startTime":1765616736836,"status":"passed","summary":""},{"assertionResults":[{"ancestorTitles":["Integration: Navigation Flow"],"duration":377,"failing":false,"failureDetails":[],"failureMessages":[],"fullName":"Integration: Navigation Flow should navigate between tabs using TopNav","invocations":1,"location":null,"numPassingAsserts":9,"retryReasons":[],"startAt":1765616739556,"status":"passed","title":"should navigate between tabs using TopNav"},{"ancestorTitles":["Integration: Navigation Flow"],"duration":156,"failing":false,"failureDetails":[],"failureMessages":[],"fullName":"Integration: Navigation Flow should handle programmatic navigation","invocations":1,"location":null,"numPassingAsserts":2,"retryReasons":[],"startAt":1765616739936,"status":"passed","title":"should handle programmatic navigation"}],"endTime":1765616740100,"message":"","name":"/home/sant/extensaoUNIVESP/tests/integration/navigation.integration.test.js","startTime":1765616738956,"status":"passed","summary":""},{"assertionResults":[{"ancestorTitles":["Integration: Add Course Manual Flow"],"duration":505,"failing":false,"failureDetails":[],"failureMessages":[],"fullName":"Integration: Add Course Manual Flow should add a course manually and display it in the list","invocations":1,"location":null,"numPassingAsserts":12,"retryReasons":[],"startAt":1765616740898,"status":"passed","title":"should add a course manually and display it in the list"}],"endTime":1765616741408,"message":"","name":"/home/sant/extensaoUNIVESP/tests/integration/addCourse.integration.test.js","startTime":1765616740235,"status":"passed","summary":""},{"assertionResults":[{"ancestorTitles":["Testes de Lógica - Scraper"],"duration":9,"failing":false,"failureDetails":[],"failureMessages":[],"fullName":"Testes de Lógica - Scraper scrapeWeeksFromTab deve chamar executeScript corretamente","invocations":1,"location":null,"numPassingAsserts":2,"retryReasons":[],"startAt":1765616742091,"status":"passed","title":"scrapeWeeksFromTab deve chamar executeScript corretamente"},{"ancestorTitles":["Testes de Lógica - Scraper"],"duration":4,"failing":false,"failureDetails":[],"failureMessages":[],"fullName":"Testes de Lógica - Scraper scrapeWeeksFromTab deve lidar com retorno vazio","invocations":1,"location":null,"numPassingAsserts":1,"retryReasons":[],"startAt":1765616742103,"status":"passed","title":"scrapeWeeksFromTab deve lidar com retorno vazio"},{"ancestorTitles":["Testes de Lógica - Scraper"],"duration":6,"failing":false,"failureDetails":[],"failureMessages":[],"fullName":"Testes de Lógica - Scraper scrapeWeeksFromTab deve mesclar resultados de múltiplos frames","invocations":1,"location":null,"numPassingAsserts":4,"retryReasons":[],"startAt":1765616742109,"status":"passed","title":"scrapeWeeksFromTab deve mesclar resultados de múltiplos frames"},{"ancestorTitles":["Testes de Lógica - Scraper"],"duration":3,"failing":false,"failureDetails":[],"failureMessages":[],"fullName":"Testes de Lógica - Scraper scrapeWeeksFromTab deve remover duplicatas baseado em URL","invocations":1,"location":null,"numPassingAsserts":3,"retryReasons":[],"startAt":1765616742117,"status":"passed","title":"scrapeWeeksFromTab deve remover duplicatas baseado em URL"},{"ancestorTitles":["Testes de Lógica - Scraper"],"duration":4,"failing":false,"failureDetails":[],"failureMessages":[],"fullName":"Testes de Lógica - Scraper scrapeWeeksFromTab deve ordenar semanas por número","invocations":1,"location":null,"numPassingAsserts":3,"retryReasons":[],"startAt":1765616742123,"status":"passed","title":"scrapeWeeksFromTab deve ordenar semanas por número"},{"ancestorTitles":["Testes de Lógica - Scraper"],"duration":4,"failing":false,"failureDetails":[],"failureMessages":[],"fullName":"Testes de Lógica - Scraper scrapeWeeksFromTab deve ignorar semanas sem URL","invocations":1,"location":null,"numPassingAsserts":2,"retryReasons":[],"startAt":1765616742130,"status":"passed","title":"scrapeWeeksFromTab deve ignorar semanas sem URL"},{"ancestorTitles":["Testes de Lógica - Scraper"],"duration":4,"failing":false,"failureDetails":[],"failureMessages":[],"fullName":"Testes de Lógica - Scraper scrapeWeeksFromTab deve lidar com erro no executeScript","invocations":1,"location":null,"numPassingAsserts":1,"retryReasons":[],"startAt":1765616742136,"status":"passed","title":"scrapeWeeksFromTab deve lidar com erro no executeScript"},{"ancestorTitles":["Testes de Lógica - Scraper"],"duration":2,"failing":false,"failureDetails":[],"failureMessages":[],"fullName":"Testes de Lógica - Scraper scrapeWeeksFromTab deve lidar com result undefined","invocations":1,"location":null,"numPassingAsserts":1,"retryReasons":[],"startAt":1765616742142,"status":"passed","title":"scrapeWeeksFromTab deve lidar com result undefined"},{"ancestorTitles":["Testes de Lógica - Scraper"],"duration":2,"failing":false,"failureDetails":[],"failureMessages":[],"fullName":"Testes de Lógica - Scraper scrapeWeeksFromTab deve lidar com weeks não sendo array","invocations":1,"location":null,"numPassingAsserts":2,"retryReasons":[],"startAt":1765616742149,"status":"passed","title":"scrapeWeeksFromTab deve lidar com weeks não sendo array"},{"ancestorTitles":["Testes de Lógica - Scraper"],"duration":4,"failing":false,"failureDetails":[],"failureMessages":[],"fullName":"Testes de Lógica - Scraper scrapeWeeksFromTab deve usar primeiro título não-null encontrado","invocations":1,"location":null,"numPassingAsserts":1,"retryReasons":[],"startAt":1765616742153,"status":"passed","title":"scrapeWeeksFromTab deve usar primeiro título não-null encontrado"}],"endTime":1765616742165,"message":"","name":"/home/sant/extensaoUNIVESP/tests/logic.test.js","startTime":1765616741550,"status":"passed","summary":""},{"assertionResults":[{"ancestorTitles":["Settings - Formatação de Email e Domínio","formatEmail()"],"duration":8,"failing":false,"failureDetails":[],"failureMessages":[],"fullName":"Settings - Formatação de Email e Domínio formatEmail() Deve formatar RA simples com domínio que já tem @","invocations":1,"location":null,"numPassingAsserts":2,"retryReasons":[],"startAt":1765616742659,"status":"passed","title":"Deve formatar RA simples com domínio que já tem @"},{"ancestorTitles":["Settings - Formatação de Email e Domínio","formatEmail()"],"duration":4,"failing":false,"failureDetails":[],"failureMessages":[],"fullName":"Settings - Formatação de Email e Domínio formatEmail() Deve adicionar @ ao domínio se não tiver","invocations":1,"location":null,"numPassingAsserts":2,"retryReasons":[],"startAt":1765616742669,"status":"passed","title":"Deve adicionar @ ao domínio se não tiver"},{"ancestorTitles":["Settings - Formatação de Email e Domínio","formatEmail()"],"duration":1,"failing":false,"failureDetails":[],"failureMessages":[],"fullName":"Settings - Formatação de Email e Domínio formatEmail() Deve remover @ do RA se já estiver incluído","invocations":1,"location":null,"numPassingAsserts":2,"retryReasons":[],"startAt":1765616742677,"status":"passed","title":"Deve remover @ do RA se já estiver incluído"},{"ancestorTitles":["Settings - Formatação de Email e Domínio","formatEmail()"],"duration":6,"failing":false,"failureDetails":[],"failureMessages":[],"fullName":"Settings - Formatação de Email e Domínio formatEmail() Deve fazer trim em RA com espaços","invocations":1,"location":null,"numPassingAsserts":2,"retryReasons":[],"startAt":1765616742680,"status":"passed","title":"Deve fazer trim em RA com espaços"},{"ancestorTitles":["Settings - Formatação de Email e Domínio","formatEmail()"],"duration":2,"failing":false,"failureDetails":[],"failureMessages":[],"fullName":"Settings - Formatação de Email e Domínio formatEmail() Deve fazer trim no domínio com espaços","invocations":1,"location":null,"numPassingAsserts":2,"retryReasons":[],"startAt":1765616742688,"status":"passed","title":"Deve fazer trim no domínio com espaços"},{"ancestorTitles":["Settings - Formatação de Email e Domínio","formatEmail()"],"duration":1,"failing":false,"failureDetails":[],"failureMessages":[],"fullName":"Settings - Formatação de Email e Domínio formatEmail() Deve lidar com RA e domínio ambos precisando de limpeza","invocations":1,"location":null,"numPassingAsserts":2,"retryReasons":[],"startAt":1765616742694,"status":"passed","title":"Deve lidar com RA e domínio ambos precisando de limpeza"},{"ancestorTitles":["Settings - Formatação de Email e Domínio","extractRa()"],"duration":3,"failing":false,"failureDetails":[],"failureMessages":[],"fullName":"Settings - Formatação de Email e Domínio extractRa() Deve extrair RA de email completo","invocations":1,"location":null,"numPassingAsserts":1,"retryReasons":[],"startAt":1765616742698,"status":"passed","title":"Deve extrair RA de email completo"},{"ancestorTitles":["Settings - Formatação de Email e Domínio","extractRa()"],"duration":2,"failing":false,"failureDetails":[],"failureMessages":[],"fullName":"Settings - Formatação de Email e Domínio extractRa() Deve retornar RA se já estiver sem @","invocations":1,"location":null,"numPassingAsserts":1,"retryReasons":[],"startAt":1765616742703,"status":"passed","title":"Deve retornar RA se já estiver sem @"},{"ancestorTitles":["Settings - Formatação de Email e Domínio","extractRa()"],"duration":1,"failing":false,"failureDetails":[],"failureMessages":[],"fullName":"Settings - Formatação de Email e Domínio extractRa() Deve retornar string vazia para null","invocations":1,"location":null,"numPassingAsserts":1,"retryReasons":[],"startAt":1765616742708,"status":"passed","title":"Deve retornar string vazia para null"},{"ancestorTitles":["Settings - Formatação de Email e Domínio","extractRa()"],"duration":2,"failing":false,"failureDetails":[],"failureMessages":[],"fullName":"Settings - Formatação de Email e Domínio extractRa() Deve retornar string vazia para undefined","invocations":1,"location":null,"numPassingAsserts":1,"retryReasons":[],"startAt":1765616742712,"status":"passed","title":"Deve retornar string vazia para undefined"},{"ancestorTitles":["Settings - Formatação de Email e Domínio","extractRa()"],"duration":3,"failing":false,"failureDetails":[],"failureMessages":[],"fullName":"Settings - Formatação de Email e Domínio extractRa() Deve retornar string vazia para string vazia","invocations":1,"location":null,"numPassingAsserts":1,"retryReasons":[],"startAt":1765616742717,"status":"passed","title":"Deve retornar string vazia para string vazia"},{"ancestorTitles":["Settings - Formatação de Email e Domínio","extractRa()"],"duration":3,"failing":false,"failureDetails":[],"failureMessages":[],"fullName":"Settings - Formatação de Email e Domínio extractRa() Deve lidar com múltiplos @ no email","invocations":1,"location":null,"numPassingAsserts":1,"retryReasons":[],"startAt":1765616742721,"status":"passed","title":"Deve lidar com múltiplos @ no email"},{"ancestorTitles":["Settings - Formatação de Email e Domínio","resolveDomain()"],"duration":5,"failing":false,"failureDetails":[],"failureMessages":[],"fullName":"Settings - Formatação de Email e Domínio resolveDomain() Deve priorizar customDomain se fornecido","invocations":1,"location":null,"numPassingAsserts":1,"retryReasons":[],"startAt":1765616742725,"status":"passed","title":"Deve priorizar customDomain se fornecido"},{"ancestorTitles":["Settings - Formatação de Email e Domínio","resolveDomain()"],"duration":2,"failing":false,"failureDetails":[],"failureMessages":[],"fullName":"Settings - Formatação de Email e Domínio resolveDomain() Deve extrair domínio de userEmail se não há customDomain","invocations":1,"location":null,"numPassingAsserts":1,"retryReasons":[],"startAt":1765616742733,"status":"passed","title":"Deve extrair domínio de userEmail se não há customDomain"},{"ancestorTitles":["Settings - Formatação de Email e Domínio","resolveDomain()"],"duration":1,"failing":false,"failureDetails":[],"failureMessages":[],"fullName":"Settings - Formatação de Email e Domínio resolveDomain() Deve retornar DEFAULT_DOMAIN se ambos são null","invocations":1,"location":null,"numPassingAsserts":1,"retryReasons":[],"startAt":1765616742736,"status":"passed","title":"Deve retornar DEFAULT_DOMAIN se ambos são null"},{"ancestorTitles":["Settings - Formatação de Email e Domínio","resolveDomain()"],"duration":3,"failing":false,"failureDetails":[],"failureMessages":[],"fullName":"Settings - Formatação de Email e Domínio resolveDomain() Deve retornar DEFAULT_DOMAIN se userEmail não tem @","invocations":1,"location":null,"numPassingAsserts":1,"retryReasons":[],"startAt":1765616742741,"status":"passed","title":"Deve retornar DEFAULT_DOMAIN se userEmail não tem @"},{"ancestorTitles":["Settings - Formatação de Email e Domínio","resolveDomain()"],"duration":3,"failing":false,"failureDetails":[],"failureMessages":[],"fullName":"Settings - Formatação de Email e Domínio resolveDomain() Deve retornar DEFAULT_DOMAIN se userEmail é string vazia","invocations":1,"location":null,"numPassingAsserts":1,"retryReasons":[],"startAt":1765616742746,"status":"passed","title":"Deve retornar DEFAULT_DOMAIN se userEmail é string vazia"},{"ancestorTitles":["Settings - Formatação de Email e Domínio","resolveDomain()"],"duration":2,"failing":false,"failureDetails":[],"failureMessages":[],"fullName":"Settings - Formatação de Email e Domínio resolveDomain() Deve lidar com múltiplos @ no userEmail","invocations":1,"location":null,"numPassingAsserts":1,"retryReasons":[],"startAt":1765616742751,"status":"passed","title":"Deve lidar com múltiplos @ no userEmail"},{"ancestorTitles":["Settings - Formatação de Email e Domínio","resolveDomain()"],"duration":3,"failing":false,"failureDetails":[],"failureMessages":[],"fullName":"Settings - Formatação de Email e Domínio resolveDomain() Deve ignorar userEmail se customDomain está presente","invocations":1,"location":null,"numPassingAsserts":1,"retryReasons":[],"startAt":1765616742755,"status":"passed","title":"Deve ignorar userEmail se customDomain está presente"},{"ancestorTitles":["Settings - Formatação de Email e Domínio","CONSTANTS"],"duration":3,"failing":false,"failureDetails":[],"failureMessages":[],"fullName":"Settings - Formatação de Email e Domínio CONSTANTS Deve ter DEFAULT_DOMAIN definido corretamente","invocations":1,"location":null,"numPassingAsserts":1,"retryReasons":[],"startAt":1765616742759,"status":"passed","title":"Deve ter DEFAULT_DOMAIN definido corretamente"},{"ancestorTitles":["Settings - Formatação de Email e Domínio","CONSTANTS"],"duration":2,"failing":false,"failureDetails":[],"failureMessages":[],"fullName":"Settings - Formatação de Email e Domínio CONSTANTS DEFAULT_DOMAIN deve ser uma string","invocations":1,"location":null,"numPassingAsserts":1,"retryReasons":[],"startAt":1765616742765,"status":"passed","title":"DEFAULT_DOMAIN deve ser uma string"},{"ancestorTitles":["Settings - Formatação de Email e Domínio","CONSTANTS"],"duration":2,"failing":false,"failureDetails":[],"failureMessages":[],"fullName":"Settings - Formatação de Email e Domínio CONSTANTS DEFAULT_DOMAIN deve começar com @","invocations":1,"location":null,"numPassingAsserts":1,"retryReasons":[],"startAt":1765616742770,"status":"passed","title":"DEFAULT_DOMAIN deve começar com @"}],"endTime":1765616742779,"message":"","name":"/home/sant/extensaoUNIVESP/tests/settings.test.js","startTime":1765616742259,"status":"passed","summary":""},{"assertionResults":[{"ancestorTitles":["Verificação de Integridade de Arquivos e Imports"],"duration":14,"failing":false,"failureDetails":[],"failureMessages":[],"fullName":"Verificação de Integridade de Arquivos e Imports Arquivo deve existir: manifest.json","invocations":1,"location":null,"numPassingAsserts":1,"retryReasons":[],"startAt":1765616743455,"status":"passed","title":"Arquivo deve existir: manifest.json"},{"ancestorTitles":["Verificação de Integridade de Arquivos e Imports"],"duration":8,"failing":false,"failureDetails":[],"failureMessages":[],"fullName":"Verificação de Integridade de Arquivos e Imports Arquivo deve existir: popup/popup.html","invocations":1,"location":null,"numPassingAsserts":1,"retryReasons":[],"startAt":1765616743474,"status":"passed","title":"Arquivo deve existir: popup/popup.html"},{"ancestorTitles":["Verificação de Integridade de Arquivos e Imports"],"duration":1,"failing":false,"failureDetails":[],"failureMessages":[],"fullName":"Verificação de Integridade de Arquivos e Imports Arquivo deve existir: popup/popup.js","invocations":1,"location":null,"numPassingAsserts":1,"retryReasons":[],"startAt":1765616743491,"status":"passed","title":"Arquivo deve existir: popup/popup.js"},{"ancestorTitles":["Verificação de Integridade de Arquivos e Imports"],"duration":3,"failing":false,"failureDetails":[],"failureMessages":[],"fullName":"Verificação de Integridade de Arquivos e Imports Arquivo deve existir: popup/popup.css","invocations":1,"location":null,"numPassingAsserts":1,"retryReasons":[],"startAt":1765616743494,"status":"passed","title":"Arquivo deve existir: popup/popup.css"},{"ancestorTitles":["Verificação de Integridade de Arquivos e Imports"],"duration":1,"failing":false,"failureDetails":[],"failureMessages":[],"fullName":"Verificação de Integridade de Arquivos e Imports Arquivo deve existir: sidepanel/sidepanel.html","invocations":1,"location":null,"numPassingAsserts":1,"retryReasons":[],"startAt":1765616743498,"status":"passed","title":"Arquivo deve existir: sidepanel/sidepanel.html"},{"ancestorTitles":["Verificação de Integridade de Arquivos e Imports"],"duration":0,"failing":false,"failureDetails":[],"failureMessages":[],"fullName":"Verificação de Integridade de Arquivos e Imports Arquivo deve existir: sidepanel/sidepanel.js","invocations":1,"location":null,"numPassingAsserts":1,"retryReasons":[],"startAt":1765616743499,"status":"passed","title":"Arquivo deve existir: sidepanel/sidepanel.js"},{"ancestorTitles":["Verificação de Integridade de Arquivos e Imports"],"duration":0,"failing":false,"failureDetails":[],"failureMessages":[],"fullName":"Verificação de Integridade de Arquivos e Imports Arquivo deve existir: sidepanel/styles/global.css","invocations":1,"location":null,"numPassingAsserts":1,"retryReasons":[],"startAt":1765616743500,"status":"passed","title":"Arquivo deve existir: sidepanel/styles/global.css"},{"ancestorTitles":["Verificação de Integridade de Arquivos e Imports"],"duration":0,"failing":false,"failureDetails":[],"failureMessages":[],"fullName":"Verificação de Integridade de Arquivos e Imports Arquivo deve existir: sidepanel/styles/layout.css","invocations":1,"location":null,"numPassingAsserts":1,"retryReasons":[],"startAt":1765616743501,"status":"passed","title":"Arquivo deve existir: sidepanel/styles/layout.css"},{"ancestorTitles":["Verificação de Integridade de Arquivos e Imports"],"duration":11,"failing":false,"failureDetails":[],"failureMessages":[],"fullName":"Verificação de Integridade de Arquivos e Imports Arquivo deve existir: sidepanel/styles/components/nav.css","invocations":1,"location":null,"numPassingAsserts":1,"retryReasons":[],"startAt":1765616743502,"status":"passed","title":"Arquivo deve existir: sidepanel/styles/components/nav.css"},{"ancestorTitles":["Verificação de Integridade de Arquivos e Imports"],"duration":1,"failing":false,"failureDetails":[],"failureMessages":[],"fullName":"Verificação de Integridade de Arquivos e Imports Arquivo deve existir: sidepanel/styles/components/card.css","invocations":1,"location":null,"numPassingAsserts":1,"retryReasons":[],"startAt":1765616743514,"status":"passed","title":"Arquivo deve existir: sidepanel/styles/components/card.css"},{"ancestorTitles":["Verificação de Integridade de Arquivos e Imports"],"duration":0,"failing":false,"failureDetails":[],"failureMessages":[],"fullName":"Verificação de Integridade de Arquivos e Imports Arquivo deve existir: sidepanel/styles/components/modal.css","invocations":1,"location":null,"numPassingAsserts":1,"retryReasons":[],"startAt":1765616743521,"status":"passed","title":"Arquivo deve existir: sidepanel/styles/components/modal.css"},{"ancestorTitles":["Verificação de Integridade de Arquivos e Imports"],"duration":4,"failing":false,"failureDetails":[],"failureMessages":[],"fullName":"Verificação de Integridade de Arquivos e Imports Arquivo deve existir: sidepanel/styles/components/button.css","invocations":1,"location":null,"numPassingAsserts":1,"retryReasons":[],"startAt":1765616743526,"status":"passed","title":"Arquivo deve existir: sidepanel/styles/components/button.css"},{"ancestorTitles":["Verificação de Integridade de Arquivos e Imports"],"duration":2,"failing":false,"failureDetails":[],"failureMessages":[],"fullName":"Verificação de Integridade de Arquivos e Imports Arquivo deve existir: sidepanel/styles/views/home.css","invocations":1,"location":null,"numPassingAsserts":1,"retryReasons":[],"startAt":1765616743533,"status":"passed","title":"Arquivo deve existir: sidepanel/styles/views/home.css"},{"ancestorTitles":["Verificação de Integridade de Arquivos e Imports"],"duration":3,"failing":false,"failureDetails":[],"failureMessages":[],"fullName":"Verificação de Integridade de Arquivos e Imports Arquivo deve existir: sidepanel/styles/views/courses.css","invocations":1,"location":null,"numPassingAsserts":1,"retryReasons":[],"startAt":1765616743537,"status":"passed","title":"Arquivo deve existir: sidepanel/styles/views/courses.css"},{"ancestorTitles":["Verificação de Integridade de Arquivos e Imports"],"duration":2,"failing":false,"failureDetails":[],"failureMessages":[],"fullName":"Verificação de Integridade de Arquivos e Imports Arquivo deve existir: sidepanel/styles/views/settings.css","invocations":1,"location":null,"numPassingAsserts":1,"retryReasons":[],"startAt":1765616743544,"status":"passed","title":"Arquivo deve existir: sidepanel/styles/views/settings.css"},{"ancestorTitles":["Verificação de Integridade de Arquivos e Imports"],"duration":1,"failing":false,"failureDetails":[],"failureMessages":[],"fullName":"Verificação de Integridade de Arquivos e Imports Arquivo deve existir: sidepanel/logic/scraper.js","invocations":1,"location":null,"numPassingAsserts":1,"retryReasons":[],"startAt":1765616743549,"status":"passed","title":"Arquivo deve existir: sidepanel/logic/scraper.js"},{"ancestorTitles":["Verificação de Integridade de Arquivos e Imports"],"duration":2,"failing":false,"failureDetails":[],"failureMessages":[],"fullName":"Verificação de Integridade de Arquivos e Imports Arquivo deve existir: sidepanel/logic/storage.js","invocations":1,"location":null,"numPassingAsserts":1,"retryReasons":[],"startAt":1765616743551,"status":"passed","title":"Arquivo deve existir: sidepanel/logic/storage.js"},{"ancestorTitles":["Verificação de Integridade de Arquivos e Imports"],"duration":0,"failing":false,"failureDetails":[],"failureMessages":[],"fullName":"Verificação de Integridade de Arquivos e Imports Arquivo deve existir: sidepanel/logic/tabs.js","invocations":1,"location":null,"numPassingAsserts":1,"retryReasons":[],"startAt":1765616743554,"status":"passed","title":"Arquivo deve existir: sidepanel/logic/tabs.js"},{"ancestorTitles":["Verificação de Integridade de Arquivos e Imports"],"duration":1,"failing":false,"failureDetails":[],"failureMessages":[],"fullName":"Verificação de Integridade de Arquivos e Imports Arquivo deve existir: sidepanel/logic/batchScraper.js","invocations":1,"location":null,"numPassingAsserts":1,"retryReasons":[],"startAt":1765616743557,"status":"passed","title":"Arquivo deve existir: sidepanel/logic/batchScraper.js"},{"ancestorTitles":["Verificação de Integridade de Arquivos e Imports"],"duration":2,"failing":false,"failureDetails":[],"failureMessages":[],"fullName":"Verificação de Integridade de Arquivos e Imports Arquivo deve existir: sidepanel/ui/components.js","invocations":1,"location":null,"numPassingAsserts":1,"retryReasons":[],"startAt":1765616743559,"status":"passed","title":"Arquivo deve existir: sidepanel/ui/components.js"},{"ancestorTitles":["Verificação de Integridade de Arquivos e Imports"],"duration":1,"failing":false,"failureDetails":[],"failureMessages":[],"fullName":"Verificação de Integridade de Arquivos e Imports Arquivo deve existir: sidepanel/views/HomeView.js","invocations":1,"location":null,"numPassingAsserts":1,"retryReasons":[],"startAt":1765616743563,"status":"passed","title":"Arquivo deve existir: sidepanel/views/HomeView.js"},{"ancestorTitles":["Verificação de Integridade de Arquivos e Imports"],"duration":1,"failing":false,"failureDetails":[],"failureMessages":[],"fullName":"Verificação de Integridade de Arquivos e Imports Arquivo deve existir: sidepanel/views/CoursesView.js","invocations":1,"location":null,"numPassingAsserts":1,"retryReasons":[],"startAt":1765616743566,"status":"passed","title":"Arquivo deve existir: sidepanel/views/CoursesView.js"},{"ancestorTitles":["Verificação de Integridade de Arquivos e Imports"],"duration":0,"failing":false,"failureDetails":[],"failureMessages":[],"fullName":"Verificação de Integridade de Arquivos e Imports Arquivo deve existir: sidepanel/views/CourseDetailsView.js","invocations":1,"location":null,"numPassingAsserts":1,"retryReasons":[],"startAt":1765616743569,"status":"passed","title":"Arquivo deve existir: sidepanel/views/CourseDetailsView.js"},{"ancestorTitles":["Verificação de Integridade de Arquivos e Imports"],"duration":2,"failing":false,"failureDetails":[],"failureMessages":[],"fullName":"Verificação de Integridade de Arquivos e Imports Arquivo deve existir: sidepanel/views/SettingsView.js","invocations":1,"location":null,"numPassingAsserts":1,"retryReasons":[],"startAt":1765616743572,"status":"passed","title":"Arquivo deve existir: sidepanel/views/SettingsView.js"},{"ancestorTitles":["Verificação de Integridade de Arquivos e Imports"],"duration":1,"failing":false,"failureDetails":[],"failureMessages":[],"fullName":"Verificação de Integridade de Arquivos e Imports Arquivo deve existir: shared/utils/settings.js","invocations":1,"location":null,"numPassingAsserts":1,"retryReasons":[],"startAt":1765616743576,"status":"passed","title":"Arquivo deve existir: shared/utils/settings.js"},{"ancestorTitles":["Verificação de Integridade de Arquivos e Imports"],"duration":1,"failing":false,"failureDetails":[],"failureMessages":[],"fullName":"Verificação de Integridade de Arquivos e Imports Arquivo deve existir: scripts/content.js","invocations":1,"location":null,"numPassingAsserts":1,"retryReasons":[],"startAt":1765616743582,"status":"passed","title":"Arquivo deve existir: scripts/content.js"},{"ancestorTitles":["Verificação de Integridade de Arquivos e Imports"],"duration":113,"failing":false,"failureDetails":[],"failureMessages":[],"fullName":"Verificação de Integridade de Arquivos e Imports Deve conseguir importar módulos JS sem erro de sintaxe","invocations":1,"location":null,"numPassingAsserts":0,"retryReasons":[],"startAt":1765616743586,"status":"passed","title":"Deve conseguir importar módulos JS sem erro de sintaxe"},{"ancestorTitles":["Verificação de Integridade de Arquivos e Imports"],"duration":8,"failing":false,"failureDetails":[],"failureMessages":[],"fullName":"Verificação de Integridade de Arquivos e Imports manifest.json deve ter estrutura válida","invocations":1,"location":null,"numPassingAsserts":4,"retryReasons":[],"startAt":1765616743700,"status":"passed","title":"manifest.json deve ter estrutura válida"},{"ancestorTitles":["Verificação de Integridade de Arquivos e Imports"],"duration":6,"failing":false,"failureDetails":[],"failureMessages":[],"fullName":"Verificação de Integridade de Arquivos e Imports manifest.json deve ter permissões mínimas necessárias","invocations":1,"location":null,"numPassingAsserts":4,"retryReasons":[],"startAt":1765616743711,"status":"passed","title":"manifest.json deve ter permissões mínimas necessárias"}],"endTime":1765616743736,"message":"","name":"/home/sant/extensaoUNIVESP/tests/imports.test.js","startTime":1765616742974,"status":"passed","summary":""},{"assertionResults":[{"ancestorTitles":["DomainManager","getCurrentDomain"],"duration":2,"failing":false,"failureDetails":[],"failureMessages":[],"fullName":"DomainManager getCurrentDomain Should return custom domain if provided","invocations":1,"location":null,"numPassingAsserts":1,"retryReasons":[],"startAt":1765616743948,"status":"passed","title":"Should return custom domain if provided"},{"ancestorTitles":["DomainManager","getCurrentDomain"],"duration":2,"failing":false,"failureDetails":[],"failureMessages":[],"fullName":"DomainManager getCurrentDomain Should extract domain from email if no custom domain","invocations":1,"location":null,"numPassingAsserts":1,"retryReasons":[],"startAt":1765616743951,"status":"passed","title":"Should extract domain from email if no custom domain"},{"ancestorTitles":["DomainManager","getCurrentDomain"],"duration":2,"failing":false,"failureDetails":[],"failureMessages":[],"fullName":"DomainManager getCurrentDomain Should return default domain if nothing provided","invocations":1,"location":null,"numPassingAsserts":1,"retryReasons":[],"startAt":1765616743954,"status":"passed","title":"Should return default domain if nothing provided"},{"ancestorTitles":["DomainManager","getDefaultDomain"],"duration":1,"failing":false,"failureDetails":[],"failureMessages":[],"fullName":"DomainManager getDefaultDomain Should return constant default domain","invocations":1,"location":null,"numPassingAsserts":1,"retryReasons":[],"startAt":1765616743959,"status":"passed","title":"Should return constant default domain"}],"endTime":1765616743963,"message":"","name":"/home/sant/extensaoUNIVESP/tests/domainManager.test.js","startTime":1765616743823,"status":"passed","summary":""},{"assertionResults":[{"ancestorTitles":["Lógica - Troca de Abas"],"duration":11,"failing":false,"failureDetails":[],"failureMessages":[],"fullName":"Lógica - Troca de Abas Deve alternar para aba correspondente ao course_id exatamente","invocations":1,"location":null,"numPassingAsserts":3,"retryReasons":[],"startAt":1765616744388,"status":"passed","title":"Deve alternar para aba correspondente ao course_id exatamente"},{"ancestorTitles":["Lógica - Troca de Abas"],"duration":4,"failing":false,"failureDetails":[],"failureMessages":[],"fullName":"Lógica - Troca de Abas Deve usar startsWith se course_id não for encontrado","invocations":1,"location":null,"numPassingAsserts":2,"retryReasons":[],"startAt":1765616744403,"status":"passed","title":"Deve usar startsWith se course_id não for encontrado"},{"ancestorTitles":["Lógica - Troca de Abas"],"duration":7,"failing":false,"failureDetails":[],"failureMessages":[],"fullName":"Lógica - Troca de Abas Deve criar nova aba se nenhuma correspondência for encontrada","invocations":1,"location":null,"numPassingAsserts":2,"retryReasons":[],"startAt":1765616744409,"status":"passed","title":"Deve criar nova aba se nenhuma correspondência for encontrada"},{"ancestorTitles":["Lógica - Troca de Abas"],"duration":4,"failing":false,"failureDetails":[],"failureMessages":[],"fullName":"Lógica - Troca de Abas Deve priorizar content_id exato quando múltiplas abas tiverem o mesmo course_id","invocations":1,"location":null,"numPassingAsserts":2,"retryReasons":[],"startAt":1765616744418,"status":"passed","title":"Deve priorizar content_id exato quando múltiplas abas tiverem o mesmo course_id"},{"ancestorTitles":["Lógica - Troca de Abas"],"duration":3,"failing":false,"failureDetails":[],"failureMessages":[],"fullName":"Lógica - Troca de Abas Deve lidar com URL sem course_id ou content_id usando startsWith","invocations":1,"location":null,"numPassingAsserts":1,"retryReasons":[],"startAt":1765616744424,"status":"passed","title":"Deve lidar com URL sem course_id ou content_id usando startsWith"},{"ancestorTitles":["Lógica - Troca de Abas"],"duration":6,"failing":false,"failureDetails":[],"failureMessages":[],"fullName":"Lógica - Troca de Abas Deve focar na janela ao alternar abas","invocations":1,"location":null,"numPassingAsserts":2,"retryReasons":[],"startAt":1765616744429,"status":"passed","title":"Deve focar na janela ao alternar abas"},{"ancestorTitles":["Lógica - Troca de Abas"],"duration":2,"failing":false,"failureDetails":[],"failureMessages":[],"fullName":"Lógica - Troca de Abas Deve criar nova aba quando query retornar array vazio","invocations":1,"location":null,"numPassingAsserts":2,"retryReasons":[],"startAt":1765616744436,"status":"passed","title":"Deve criar nova aba quando query retornar array vazio"}],"endTime":1765616744443,"message":"","name":"/home/sant/extensaoUNIVESP/tests/tabs.test.js","startTime":1765616744060,"status":"passed","summary":""},{"assertionResults":[{"ancestorTitles":["Integration: Batch Import Flow"],"duration":53,"failing":false,"failureDetails":[],"failureMessages":[],"fullName":"Integration: Batch Import Flow should scrape multiple courses and save them","invocations":1,"location":null,"numPassingAsserts":10,"retryReasons":[],"startAt":1765616744887,"status":"passed","title":"should scrape multiple courses and save them"},{"ancestorTitles":["Integration: Batch Import Flow"],"duration":28,"failing":false,"failureDetails":[],"failureMessages":[],"fullName":"Integration: Batch Import Flow should handle incorrect page","invocations":1,"location":null,"numPassingAsserts":2,"retryReasons":[],"startAt":1765616744941,"status":"passed","title":"should handle incorrect page"}],"endTime":1765616744974,"message":"","name":"/home/sant/extensaoUNIVESP/tests/integration/batchImport.integration.test.js","startTime":1765616744595,"status":"passed","summary":""},{"assertionResults":[{"ancestorTitles":["RaManager","getRaFromEmail"],"duration":35,"failing":false,"failureDetails":[],"failureMessages":[],"fullName":"RaManager getRaFromEmail Should extract RA from email","invocations":1,"location":null,"numPassingAsserts":1,"retryReasons":[],"startAt":1765616745442,"status":"passed","title":"Should extract RA from email"},{"ancestorTitles":["RaManager","getRaFromEmail"],"duration":1,"failing":false,"failureDetails":[],"failureMessages":[],"fullName":"RaManager getRaFromEmail Should return unchanged if no @","invocations":1,"location":null,"numPassingAsserts":1,"retryReasons":[],"startAt":1765616745481,"status":"passed","title":"Should return unchanged if no @"},{"ancestorTitles":["RaManager","getRaFromEmail"],"duration":3,"failing":false,"failureDetails":[],"failureMessages":[],"fullName":"RaManager getRaFromEmail Should return empty string for null/undefined","invocations":1,"location":null,"numPassingAsserts":2,"retryReasons":[],"startAt":1765616745482,"status":"passed","title":"Should return empty string for null/undefined"},{"ancestorTitles":["RaManager","prepareCredentials"],"duration":2,"failing":false,"failureDetails":[],"failureMessages":[],"fullName":"RaManager prepareCredentials Should return valid object for correct input","invocations":1,"location":null,"numPassingAsserts":3,"retryReasons":[],"startAt":1765616745487,"status":"passed","title":"Should return valid object for correct input"},{"ancestorTitles":["RaManager","prepareCredentials"],"duration":1,"failing":false,"failureDetails":[],"failureMessages":[],"fullName":"RaManager prepareCredentials Should return error if RA is empty","invocations":1,"location":null,"numPassingAsserts":2,"retryReasons":[],"startAt":1765616745490,"status":"passed","title":"Should return error if RA is empty"},{"ancestorTitles":["RaManager","prepareCredentials"],"duration":1,"failing":false,"failureDetails":[],"failureMessages":[],"fullName":"RaManager prepareCredentials Should clean inputs","invocations":1,"location":null,"numPassingAsserts":2,"retryReasons":[],"startAt":1765616745492,"status":"passed","title":"Should clean inputs"}],"endTime":1765616745494,"message":"","name":"/home/sant/extensaoUNIVESP/tests/raManager.test.js","startTime":1765616745176,"status":"passed","summary":""},{"assertionResults":[{"ancestorTitles":["Lógica - Batch Scraper"],"duration":23,"failing":false,"failureDetails":[],"failureMessages":[],"fullName":"Lógica - Batch Scraper Deve realizar a extração correta da lista de cursos","invocations":1,"location":null,"numPassingAsserts":4,"retryReasons":[],"startAt":1765616746483,"status":"passed","title":"Deve realizar a extração correta da lista de cursos"},{"ancestorTitles":["Lógica - Batch Scraper"],"duration":4,"failing":false,"failureDetails":[],"failureMessages":[],"fullName":"Lógica - Batch Scraper Deve lidar com falha na execução do script","invocations":1,"location":null,"numPassingAsserts":2,"retryReasons":[],"startAt":1765616746513,"status":"passed","title":"Deve lidar com falha na execução do script"},{"ancestorTitles":["Lógica - Batch Scraper"],"duration":4,"failing":false,"failureDetails":[],"failureMessages":[],"fullName":"Lógica - Batch Scraper Deve lidar com resultado vazio ou inválido do script","invocations":1,"location":null,"numPassingAsserts":2,"retryReasons":[],"startAt":1765616746520,"status":"passed","title":"Deve lidar com resultado vazio ou inválido do script"}],"endTime":1765616746527,"message":"","name":"/home/sant/extensaoUNIVESP/tests/batchScraper.test.js","startTime":1765616745738,"status":"passed","summary":""}],"wasInterrupted":false}
